2020-04-17 13:49:56,543-navid-navidLogged in
2020-04-17 14:01:24,670-navid-navidLogged in
2020-04-17 14:04:44,796-navid-navidLogged in
2020-04-17 14:06:38,022-navid-navidLogged out.
2020-04-17 14:07:16,882-farzad-farzadLogged in
2020-04-17 14:07:34,896-farzad-farzad downloaded config.json
2020-04-17 14:16:10,367-navid-navidLogged in
2020-04-17 14:16:17,608-farzad-farzadLogged in
2020-04-17 14:29:45,907-farzad-farzad downloaded server.py
2020-04-17 14:30:22,552-farzad-farzad downloaded logs.log
2020-04-17 14:31:05,987-farzad-farzad removed logs.log
2020-04-17 14:32:11,446-farzad-farzad downloaded server.py
2020-04-17 14:33:46,387-farzad-farzadLogged out.
2020-04-17 14:37:54,003-navid-navidLogged out.
2020-04-17 16:05:18,333-farzad-farzadLogged in
2020-04-17 16:05:25,704-navid-navidLogged in
2020-04-17 16:06:39,616-farzad-farzad downloaded explanations.txt
2020-04-17 16:08:36,708-farzad-farzad removed explanations.txt
2020-04-17 16:14:53,289-navid-navidLogged in
2020-04-17 16:15:55,005-farzad-farzadLogged in
2020-04-17 16:17:02,785-navid-navid created salam.txt
2020-04-17 16:17:10,814-navid-navid created new
2020-04-17 16:22:13,133-navid-navidLogged in
2020-04-17 16:22:23,268-farzad-farzadLogged in
2020-04-17 16:22:45,439-navid-navid created -i salam.txt
2020-04-17 16:24:47,034-navid-navidLogged in
2020-04-17 16:24:56,820-farzad-farzadLogged in
2020-04-17 16:25:16,378-navid-navid created salam.txt
2020-04-17 16:25:41,740-navid-navid created cnew
2020-04-17 16:26:51,772-navid-navid downloaded salam.txt
2020-04-17 16:28:01,466-navid-navid removed t
2020-04-17 16:28:38,292-navid-navidLogged out.
2020-04-17 16:28:46,151-farzad-farzadLogged out.
